\BOOKMARK [0][-]{chapter.1}{\376\377\000O\000V\000E\000R\000V\000I\000E\000W\000\040\000A\000B\000O\000U\000T\000\040\000P\000R\000O\000J\000E\000C\000T}{}% 1
\BOOKMARK [1][-]{section.1.1}{\376\377\000R\000e\000a\000s\000o\000n\000s\000\040\000F\000o\000r\000\040\000C\000h\000o\000o\000s\000i\000n\000g\000\040\000T\000h\000e\000\040\000T\000o\000p\000i\000c}{chapter.1}% 2
\BOOKMARK [1][-]{section.1.2}{\376\377\000T\000h\000e\000\040\000T\000a\000r\000g\000e\000t\000\040\000o\000f\000\040\000R\000e\000s\000e\000a\000r\000c\000h}{chapter.1}% 3
\BOOKMARK [1][-]{section.1.3}{\376\377\000R\000e\000s\000e\000a\000r\000c\000h\000\040\000M\000e\000t\000h\000o\000d\000s}{chapter.1}% 4
\BOOKMARK [1][-]{section.1.4}{\376\377\000R\000e\000s\000e\000a\000r\000c\000h\000\040\000S\000c\000o\000p\000e}{chapter.1}% 5
\BOOKMARK [2][-]{subsection.1.4.1}{\376\377\000I\000n\000\040\000T\000e\000r\000m\000\040\000o\000f\000\040\000T\000i\000m\000e}{section.1.4}% 6
\BOOKMARK [2][-]{subsection.1.4.2}{\376\377\000I\000n\000\040\000T\000e\000r\000m\000\040\000o\000f\000\040\000S\000p\000a\000c\000e}{section.1.4}% 7
\BOOKMARK [0][-]{chapter.2}{\376\377\000B\000A\000A\000\040\000T\000R\000A\000I\000N\000I\000N\000G\000\040\000V\000I\000E\000T\000N\000A\000M\000\040\000D\000E\000S\000C\000R\000I\000P\000T\000I\000O\000N\000\040\000A\000N\000D\000\040\000S\000T\000R\000U\000C\000T\000U\000R\000E}{}% 8
\BOOKMARK [1][-]{section.2.1}{\376\377\000R\000e\000g\000i\000s\000t\000r\000a\000t\000i\000o\000n\000\040\000a\000n\000d\000\040\000a\000d\000d\000r\000e\000s\000s}{chapter.2}% 9
\BOOKMARK [1][-]{section.2.2}{\376\377\000F\000i\000e\000l\000d\000\040\000O\000f\000\040\000A\000c\000t\000i\000v\000i\000t\000i\000e\000s}{chapter.2}% 10
\BOOKMARK [1][-]{section.2.3}{\376\377\000P\000r\000e\000m\000i\000s\000e\000s}{chapter.2}% 11
\BOOKMARK [2][-]{subsection.2.3.1}{\376\377\000B\000u\000i\000l\000d\000i\000n\000g\000\040\000I\000n}{section.2.3}% 12
\BOOKMARK [2][-]{subsection.2.3.2}{\376\377\000T\000r\000a\000i\000n\000i\000n\000g\000\040\000E\000q\000u\000i\000p\000m\000e\000n\000t}{section.2.3}% 13
\BOOKMARK [2][-]{subsection.2.3.3}{\376\377\000O\000t\000h\000e\000r\000\040\000T\000r\000a\000i\000n\000i\000n\000g\000\040\000D\000e\000v\000i\000c\000e\000s}{section.2.3}% 14
\BOOKMARK [1][-]{section.2.4}{\376\377\000A\000p\000p\000r\000o\000v\000e\000d\000\040\000T\000r\000a\000i\000n\000i\000n\000g\000\040\000O\000r\000g\000a\000n\000i\000z\000a\000t\000i\000o\000n\000\040\000\050\000A\000T\000O\000\051\000\040\000O\000r\000g\000a\000n\000i\000z\000a\000t\000i\000o\000n\000a\000l\000\040\000S\000t\000r\000u\000c\000t\000u\000r\000e}{chapter.2}% 15
\BOOKMARK [2][-]{subsection.2.4.1}{\376\377\000M\000a\000n\000a\000g\000i\000n\000g\000\040\000D\000i\000r\000e\000c\000t\000o\000r}{section.2.4}% 16
\BOOKMARK [2][-]{subsection.2.4.2}{\376\377\000Q\000u\000a\000l\000i\000t\000y\000\040\000A\000s\000s\000u\000r\000a\000n\000c\000e\000\040\000D\000e\000p\000a\000r\000t\000m\000e\000n\000t}{section.2.4}% 17
\BOOKMARK [2][-]{subsection.2.4.3}{\376\377\000T\000r\000a\000i\000n\000i\000n\000g\000\040\000D\000e\000p\000a\000r\000t\000m\000e\000n\000t}{section.2.4}% 18
\BOOKMARK [2][-]{subsection.2.4.4}{\376\377\000T\000e\000c\000h\000n\000i\000c\000a\000l\000\040\000D\000e\000p\000a\000r\000t\000m\000e\000n\000t}{section.2.4}% 19
\BOOKMARK [2][-]{subsection.2.4.5}{\376\377\000S\000a\000l\000e\000s\000\040\000A\000n\000d\000\040\000C\000u\000s\000t\000o\000m\000e\000r\000\040\000C\000a\000r\000e\000\040\000D\000e\000p\000a\000r\000t\000m\000e\000n\000t}{section.2.4}% 20
\BOOKMARK [1][-]{section.2.5}{\376\377\000P\000e\000r\000f\000o\000r\000m\000a\000n\000c\000e\000\040\000r\000e\000s\000u\000l\000t\000s\000\040\0002\0000\0001\0009\000\040\000-\000\040\0002\0000\0002\0000}{chapter.2}% 21
\BOOKMARK [0][-]{chapter.3}{\376\377\000Q\000U\000A\000L\000I\000T\000Y\000\040\000M\000A\000N\000A\000G\000E\000M\000E\000N\000T}{}% 22
\BOOKMARK [1][-]{section.3.1}{\376\377\000S\000i\000m\000u\000l\000a\000t\000o\000r\000\040\000M\000a\000i\000n\000t\000e\000n\000a\000n\000c\000e}{chapter.3}% 23
\BOOKMARK [2][-]{subsection.3.1.1}{\376\377\000S\000c\000h\000e\000d\000u\000l\000e\000d\000\040\000M\000a\000i\000n\000t\000e\000n\000a\000n\000c\000e}{section.3.1}% 24
\BOOKMARK [2][-]{subsection.3.1.2}{\376\377\000U\000n\000s\000c\000h\000e\000d\000u\000l\000e\000\040\000M\000a\000i\000n\000t\000e\000n\000a\000n\000c\000e}{section.3.1}% 25
\BOOKMARK [1][-]{section.3.2}{\376\377\000P\000a\000r\000t\000s\000\040\000M\000a\000n\000a\000g\000e\000m\000e\000n\000t}{chapter.3}% 26
\BOOKMARK [2][-]{subsection.3.2.1}{\376\377\000S\000p\000a\000r\000e\000\040\000P\000a\000r\000t\000s\000\040\000M\000a\000n\000a\000g\000e\000m\000e\000n\000t}{section.3.2}% 27
\BOOKMARK [2][-]{subsection.3.2.2}{\376\377\000C\000o\000m\000p\000o\000n\000e\000n\000t\000\040\000R\000e\000m\000o\000v\000a\000l\000\040\000-\000\040\000I\000n\000s\000t\000a\000l\000l\000a\000t\000i\000o\000n}{section.3.2}% 28
\BOOKMARK [2][-]{subsection.3.2.3}{\376\377\000R\000e\000p\000a\000i\000r\000a\000b\000l\000e\000\040\000C\000o\000m\000p\000o\000n\000e\000n\000t\000s}{section.3.2}% 29
\BOOKMARK [2][-]{subsection.3.2.4}{\376\377\000U\000n\000s\000e\000r\000v\000i\000c\000e\000a\000b\000l\000e\000\040\000C\000o\000m\000p\000o\000n\000e\000n\000t\000s}{section.3.2}% 30
\BOOKMARK [2][-]{subsection.3.2.5}{\376\377\000E\000q\000u\000i\000p\000m\000e\000n\000t\000\040\000Q\000u\000a\000l\000i\000t\000y\000\040\000C\000h\000e\000c\000k}{section.3.2}% 31
\BOOKMARK [0][-]{chapter.4}{\376\377\000I\000N\000T\000R\000O\000D\000U\000C\000T\000I\000O\000N\000\040\000A\000B\000O\000U\000T\000\040\000M\000P\000I\000C\000\040\000S\000Y\000S\000T\000E\000M}{}% 32
\BOOKMARK [1][-]{section.4.1}{\376\377\000S\000i\000m\000u\000l\000a\000t\000i\000o\000n\000\040\000I\000n\000t\000e\000r\000f\000a\000c\000e\000\040\000C\000o\000n\000c\000e\000p\000t}{chapter.4}% 33
\BOOKMARK [2][-]{subsection.4.1.1}{\376\377\000W\000h\000a\000t\000\040\000i\000s\000\040\000a\000n\000\040\000i\000n\000t\000e\000r\000f\000a\000c\000e\000\040\000m\000o\000d\000u\000l\000e\000?}{section.4.1}% 34
\BOOKMARK [2][-]{subsection.4.1.2}{\376\377\000M\000P\000I\000C\000\040\000I\000n\000t\000e\000r\000f\000a\000c\000e\000\040\000S\000y\000s\000t\000e\000m\000\040\000O\000v\000e\000r\000v\000i\000e\000w\000\040\000S\000o\000f\000t\000w\000a\000r\000e\000\040\000M\000o\000d\000u\000l\000e}{section.4.1}% 35
\BOOKMARK [1][-]{section.4.2}{\376\377\000I\000n\000t\000e\000r\000f\000a\000c\000e\000\040\000S\000y\000s\000t\000e\000m\000\040\000A\000r\000c\000h\000i\000t\000e\000c\000t\000u\000r\000e}{chapter.4}% 36
\BOOKMARK [2][-]{subsection.4.2.1}{\376\377\000A\000r\000c\000h\000i\000t\000e\000c\000t\000u\000r\000e\000\040\000O\000v\000e\000r\000v\000i\000e\000w}{section.4.2}% 37
\BOOKMARK [2][-]{subsection.4.2.2}{\376\377\000W\000h\000a\000t\000\040\000I\000s\000\040\000A\000R\000I\000N\000C\000\040\0006\0006\0001\000?}{section.4.2}% 38
\BOOKMARK [2][-]{subsection.4.2.3}{\376\377\000U\000s\000e\000r\000\040\000A\000p\000p\000l\000i\000c\000a\000t\000i\000o\000n}{section.4.2}% 39
\BOOKMARK [2][-]{subsection.4.2.4}{\376\377\000C\000o\000c\000k\000p\000i\000t\000\040\000D\000i\000s\000p\000l\000a\000y\000\040\000S\000y\000s\000t\000e\000m}{section.4.2}% 40
\BOOKMARK [2][-]{subsection.4.2.5}{\376\377\000W\000i\000n\000d\000o\000w\000\040\000M\000a\000n\000a\000g\000e\000r}{section.4.2}% 41
\BOOKMARK [1][-]{section.4.3}{\376\377\000I\000n\000t\000e\000r\000f\000a\000c\000e\000\040\000p\000a\000n\000e\000l\000s\000\040\000p\000o\000w\000e\000r\000\040\000a\000n\000d\000\040\000r\000e\000q\000u\000i\000r\000e\000m\000e\000n\000t\000s}{chapter.4}% 42
\BOOKMARK [2][-]{subsection.4.3.1}{\376\377\000S\000i\000m\000u\000l\000a\000t\000i\000o\000n\000\040\000I\000n\000t\000e\000r\000f\000a\000c\000i\000n\000g\000\040\000C\000o\000n\000c\000e\000p\000t\000s}{section.4.3}% 43
\BOOKMARK [2][-]{subsection.4.3.2}{\376\377\000M\000a\000j\000o\000r\000\040\000C\000o\000m\000p\000o\000n\000e\000n\000t\000s}{section.4.3}% 44
\BOOKMARK [2][-]{subsection.4.3.3}{\376\377\000N\000e\000t\000w\000o\000r\000k\000\040\000A\000r\000c\000h\000i\000t\000e\000c\000t\000u\000r\000e}{section.4.3}% 45
\BOOKMARK [2][-]{subsection.4.3.4}{\376\377\000C\000o\000m\000m\000u\000n\000i\000c\000a\000t\000i\000o\000n\000\040\000P\000a\000t\000h\000s}{section.4.3}% 46
\BOOKMARK [2][-]{subsection.4.3.5}{\376\377\000S\000i\000m\000u\000l\000a\000t\000o\000r\000\040\000P\000o\000w\000e\000r\000\040\000D\000i\000s\000t\000r\000i\000b\000u\000t\000i\000o\000n}{section.4.3}% 47
\BOOKMARK [1][-]{section.4.4}{\376\377\000G\000e\000n\000e\000r\000i\000c\000\040\000C\000D\000S\000\040\000T\000e\000s\000t\000i\000n\000g}{chapter.4}% 48
\BOOKMARK [2][-]{subsection.4.4.1}{\376\377\000P\000F\000D}{section.4.4}% 49
\BOOKMARK [2][-]{subsection.4.4.2}{\376\377\000F\000u\000e\000l\000\040\000a\000n\000d\000\040\000R\000a\000d\000i\000o\000\040\000P\000a\000g\000e}{section.4.4}% 50
\BOOKMARK [0][-]{chapter.5}{\376\377\000C\000O\000N\000C\000L\000U\000S\000I\000O\000N}{}% 51
\BOOKMARK [1][-]{section.5.1}{\376\377\000R\000e\000s\000u\000l\000t\000s}{chapter.5}% 52
\BOOKMARK [1][-]{section.5.2}{\376\377\000T\000h\000i\000n\000g\000s\000\040\000T\000h\000a\000t\000\040\000H\000a\000v\000e\000\040\000N\000o\000t\000\040\000B\000e\000e\000n\000\040\000D\000o\000n\000e}{chapter.5}% 53
\BOOKMARK [1][-]{section.5.3}{\376\377\000L\000e\000s\000s\000o\000n\000s\000\040\000L\000e\000a\000r\000n\000e\000d}{chapter.5}% 54
