\BOOKMARK [0][-]{chapter.1}{OVERVIEW ABOUT PROJECT}{}% 1
\BOOKMARK [1][-]{section.1.1}{Introduction}{chapter.1}% 2
\BOOKMARK [1][-]{section.1.2}{Target and The Limits of Project}{chapter.1}% 3
\BOOKMARK [0][-]{chapter.2}{THEORETICAL BASIS}{}% 4
\BOOKMARK [1][-]{section.2.1}{Overview About Image Processing}{chapter.2}% 5
\BOOKMARK [2][-]{subsection.2.1.1}{Introduction about Image Processing}{section.2.1}% 6
\BOOKMARK [2][-]{subsection.2.1.2}{The Components of Image Processing}{section.2.1}% 7
\BOOKMARK [2][-]{subsection.2.1.3}{Parts of The Image Processing System}{section.2.1}% 8
\BOOKMARK [1][-]{section.2.2}{Face Regconition Algorithm}{chapter.2}% 9
\BOOKMARK [2][-]{subsection.2.2.1}{Face Detection using HOG}{section.2.2}% 10
\BOOKMARK [2][-]{subsection.2.2.2}{Haar-like Feature \(Haar-Cascade\)}{section.2.2}% 11
\BOOKMARK [2][-]{subsection.2.2.3}{AdaBoost Algorithm}{section.2.2}% 12
\BOOKMARK [2][-]{subsection.2.2.4}{Eye Blink Detection}{section.2.2}% 13
\BOOKMARK [2][-]{subsection.2.2.5}{Facial Landmarks Algorithm}{section.2.2}% 14
\BOOKMARK [1][-]{section.2.3}{Euclidean Distance}{chapter.2}% 15
\BOOKMARK [2][-]{subsection.2.3.1}{Definition}{section.2.3}% 16
\BOOKMARK [2][-]{subsection.2.3.2}{Distance Formulas}{section.2.3}% 17
\BOOKMARK [1][-]{section.2.4}{OpenCV}{chapter.2}% 18
\BOOKMARK [2][-]{subsection.2.4.1}{Overview}{section.2.4}% 19
\BOOKMARK [2][-]{subsection.2.4.2}{Applications}{section.2.4}% 20
\BOOKMARK [1][-]{section.2.5}{Python Programming Language}{chapter.2}% 21
\BOOKMARK [2][-]{subsection.2.5.1}{Introduce About Python Programming Language}{section.2.5}% 22
\BOOKMARK [2][-]{subsection.2.5.2}{Applications}{section.2.5}% 23
\BOOKMARK [1][-]{section.2.6}{Introduction about Dlib}{chapter.2}% 24
\BOOKMARK [1][-]{section.2.7}{Hardware Overview}{chapter.2}% 25
\BOOKMARK [1][-]{section.2.8}{Raspberry Pi 3B +}{chapter.2}% 26
\BOOKMARK [2][-]{subsection.2.8.1}{Introduction}{section.2.8}% 27
\BOOKMARK [2][-]{subsection.2.8.2}{Raspberry Pi 3B+}{section.2.8}% 28
\BOOKMARK [2][-]{subsection.2.8.3}{Operation System for Raspberry}{section.2.8}% 29
\BOOKMARK [1][-]{section.2.9}{Camera Pi}{chapter.2}% 30
\BOOKMARK [0][-]{chapter.3}{INFERENCE}{}% 31
\BOOKMARK [1][-]{section.3.1}{Block Diagram}{chapter.3}% 32
\BOOKMARK [1][-]{section.3.2}{Flowchart}{chapter.3}% 33
\BOOKMARK [2][-]{subsection.3.2.1}{Image From Camera}{section.3.2}% 34
\BOOKMARK [2][-]{subsection.3.2.2}{Pre-Processing}{section.3.2}% 35
\BOOKMARK [2][-]{subsection.3.2.3}{Face Detection Using Haar-Like \(Haar Cascade\)}{section.3.2}% 36
\BOOKMARK [2][-]{subsection.3.2.4}{Mark Facial Structure Using Facial Landmarks}{section.3.2}% 37
\BOOKMARK [2][-]{subsection.3.2.5}{Extract The Eye Area}{section.3.2}% 38
\BOOKMARK [2][-]{subsection.3.2.6}{Calculate Eye Ratio}{section.3.2}% 39
\BOOKMARK [2][-]{subsection.3.2.7}{Drowsiness Detection}{section.3.2}% 40
\BOOKMARK [2][-]{subsection.3.2.8}{Alert}{section.3.2}% 41
\BOOKMARK [0][-]{chapter.4}{EXPERIMENTAL RESULT}{}% 42
\BOOKMARK [1][-]{section.4.1}{Realistic Model}{chapter.4}% 43
\BOOKMARK [1][-]{section.4.2}{Result}{chapter.4}% 44
\BOOKMARK [0][-]{chapter.5}{CONCLUSION AND TOPIC ORIENTATION}{}% 45
\BOOKMARK [1][-]{section.5.1}{Conclusion}{chapter.5}% 46
\BOOKMARK [1][-]{section.5.2}{Limitations}{chapter.5}% 47
\BOOKMARK [1][-]{section.5.3}{Development Orientation}{chapter.5}% 48
\BOOKMARK [0][-]{chapter.6}{APPENDIX}{}% 49
